<?xml version="1.0" encoding="UTF-8" ?>
<testsuite errors="0" failures="0" hostname="scsbwin-353637" name="com.loneninja.geo.GeoLocateTest" skipped="0" tests="4" time="1.858" timestamp="2015-08-28T00:10:20">
  <properties>
    <property name="java.vendor" value="Oracle Corporation" />
    <property name="sun.java.launcher" value="SUN_STANDARD" />
    <property name="sun.management.compiler" value="HotSpot 64-Bit Tiered Compilers" />
    <property name="os.name" value="Windows Server 2012 R2" />
    <property name="sun.boot.class.path" value="C:\Program Files\Java\jdk1.8.0_51\jre\lib\resources.jar;C:\Program Files\Java\jdk1.8.0_51\jre\lib\rt.jar;C:\Program Files\Java\jdk1.8.0_51\jre\lib\sunrsasign.jar;C:\Program Files\Java\jdk1.8.0_51\jre\lib\jsse.jar;C:\Program Files\Java\jdk1.8.0_51\jre\lib\jce.jar;C:\Program Files\Java\jdk1.8.0_51\jre\lib\charsets.jar;C:\Program Files\Java\jdk1.8.0_51\jre\lib\jfr.jar;C:\Program Files\Java\jdk1.8.0_51\jre\classes" />
    <property name="sun.desktop" value="windows" />
    <property name="java.vm.specification.vendor" value="Oracle Corporation" />
    <property name="ant.home" value="D:\theloneninja\ant19\apache-ant-1.9.6" />
    <property name="java.runtime.version" value="1.8.0_51-b16" />
    <property name="user.name" value="Administrator" />
    <property name="build.dir" value="C:\Users\Administrator\Documents\GitHub\theloneninja\bin" />
    <property name="user.language" value="en" />
    <property name="test.report.dir" value="C:\Users\Administrator\Documents\GitHub\theloneninja\testreport" />
    <property name="sun.boot.library.path" value="C:\Program Files\Java\jdk1.8.0_51\jre\bin" />
    <property name="ant.project.default-target" value="main" />
    <property name="ant.project.name" value="JUNIT" />
    <property name="java.version" value="1.8.0_51" />
    <property name="user.timezone" value="America/Los_Angeles" />
    <property name="sun.arch.data.model" value="64" />
    <property name="java.endorsed.dirs" value="C:\Program Files\Java\jdk1.8.0_51\jre\lib\endorsed" />
    <property name="sun.cpu.isalist" value="amd64" />
    <property name="sun.jnu.encoding" value="Cp1252" />
    <property name="file.encoding.pkg" value="sun.io" />
    <property name="file.separator" value="\" />
    <property name="java.specification.name" value="Java Platform API Specification" />
    <property name="java.class.version" value="52.0" />
    <property name="user.country" value="US" />
    <property name="java.home" value="C:\Program Files\Java\jdk1.8.0_51\jre" />
    <property name="java.vm.info" value="mixed mode" />
    <property name="ant.file" value="C:\Users\Administrator\Documents\GitHub\theloneninja\build.xml" />
    <property name="os.version" value="6.3" />
    <property name="path.separator" value=";" />
    <property name="java.vm.version" value="25.51-b03" />
    <property name="user.variant" value="" />
    <property name="ant.library.dir" value="D:\theloneninja\ant19\apache-ant-1.9.6\lib" />
    <property name="java.awt.printerjob" value="sun.awt.windows.WPrinterJob" />
    <property name="sun.io.unicode.encoding" value="UnicodeLittle" />
    <property name="ant.file.type.JUNIT" value="file" />
    <property name="awt.toolkit" value="sun.awt.windows.WToolkit" />
    <property name="sun.stdout.encoding" value="cp437" />
    <property name="user.script" value="" />
    <property name="ant.file.JUNIT" value="C:\Users\Administrator\Documents\GitHub\theloneninja\build.xml" />
    <property name="user.home" value="C:\Users\Administrator" />
    <property name="java.specification.vendor" value="Oracle Corporation" />
    <property name="test.dir" value="C:\Users\Administrator\Documents\GitHub\theloneninja\testCases" />
    <property name="java.library.path" value="C:\Program Files\Java\jdk1.8.0_51\jre\bin;C:\Windows\Sun\Java\bin;C:\Windows\system32;C:\Windows;D:\oracle\app\oracle\product\11.2.0\server\bin;;C:\ProgramData\Oracle\Java\javapath;C:\Windows\system32;C:\Windows;C:\Windows\System32\Wbem;C:\Windows\System32\WindowsPowerShell\v1.0\;C:\Program Files\Java\jdk1.8.0_51\bin;D:\theloneninja\ant19\apache-ant-1.9.6\bin;C:\HashiCorp\Vagrant\bin;C:\Program Files (x86)\CloudFoundry;." />
    <property name="java.vendor.url" value="http://java.oracle.com/" />
    <property name="java.vm.vendor" value="Oracle Corporation" />
    <property name="java.runtime.name" value="Java(TM) SE Runtime Environment" />
    <property name="sun.java.command" value="org.apache.tools.ant.taskdefs.optional.junit.JUnitTestRunner com.loneninja.geo.GeoLocateTest skipNonTests=false filtertrace=true haltOnError=false haltOnFailure=false formatter=org.apache.tools.ant.taskdefs.optional.junit.SummaryJUnitResultFormatter showoutput=false outputtoformatters=true logfailedtests=true threadid=0 logtestlistenerevents=false formatter=org.apache.tools.ant.taskdefs.optional.junit.XMLJUnitResultFormatter,C:\Users\Administrator\Documents\GitHub\theloneninja\testreport\TEST-com.loneninja.geo.GeoLocateTest.xml crashfile=C:\Users\Administrator\Documents\GitHub\theloneninja\junitvmwatcher6489617416731440662.properties propsfile=C:\Users\Administrator\Documents\GitHub\theloneninja\junit2717393821047382993.properties" />
    <property name="java.class.path" value="C:\Users\Administrator\Documents\GitHub\theloneninja\WebContent\WEB-INF\lib\junit-4.12.jar;C:\Users\Administrator\Documents\GitHub\theloneninja\WebContent\WEB-INF\lib\ojdbc6.jar;C:\Users\Administrator\Documents\GitHub\theloneninja\WebContent\WEB-INF\lib\hamcrest-core-1.3.jar;C:\Users\Administrator\Documents\GitHub\theloneninja\bin;C:\Users\Administrator\Documents\GitHub\theloneninja\testsbin;D:\theloneninja\ant19\apache-ant-1.9.6\lib\ant-launcher.jar;D:\theloneninja\ant19\apache-ant-1.9.6\lib\ant.jar;D:\theloneninja\ant19\apache-ant-1.9.6\lib\ant-junit.jar;D:\theloneninja\ant19\apache-ant-1.9.6\lib\ant-junit4.jar" />
    <property name="ant.version" value="Apache Ant(TM) version 1.9.6 compiled on June 29 2015" />
    <property name="java.vm.specification.name" value="Java Virtual Machine Specification" />
    <property name="ant.file.type" value="file" />
    <property name="java.vm.specification.version" value="1.8" />
    <property name="sun.cpu.endian" value="little" />
    <property name="sun.os.patch.level" value="" />
    <property name="java.io.tmpdir" value="C:\Users\ADMINI~1\AppData\Local\Temp\2\" />
    <property name="java.vendor.url.bug" value="http://bugreport.sun.com/bugreport/" />
    <property name="os.arch" value="amd64" />
    <property name="java.awt.graphicsenv" value="sun.awt.Win32GraphicsEnvironment" />
    <property name="java.ext.dirs" value="C:\Program Files\Java\jdk1.8.0_51\jre\lib\ext;C:\Windows\Sun\Java\lib\ext" />
    <property name="user.dir" value="C:\Users\Administrator\Documents\GitHub\theloneninja" />
    <property name="build.test.dir" value="C:\Users\Administrator\Documents\GitHub\theloneninja\testsbin" />
    <property name="line.separator" value="&#xd;&#xa;" />
    <property name="java.vm.name" value="Java HotSpot(TM) 64-Bit Server VM" />
    <property name="basedir" value="C:\Users\Administrator\Documents\GitHub\theloneninja" />
    <property name="ant.java.version" value="1.8" />
    <property name="ant.core.lib" value="D:\theloneninja\ant19\apache-ant-1.9.6\lib\ant.jar" />
    <property name="sun.stderr.encoding" value="cp437" />
    <property name="file.encoding" value="Cp1252" />
    <property name="java.specification.version" value="1.8" />
    <property name="src.dir" value="C:\Users\Administrator\Documents\GitHub\theloneninja\src" />
    <property name="ant.project.invoked-targets" value="main" />
  </properties>
  <testcase classname="com.loneninja.geo.GeoLocateTest" name="testFetchLatLong_invalid" time="1.597" />
  <testcase classname="com.loneninja.geo.GeoLocateTest" name="testFetchLatLong_empty" time="0.03" />
  <testcase classname="com.loneninja.geo.GeoLocateTest" name="testFetchLatLong_valid" time="0.042" />
  <testcase classname="com.loneninja.geo.GeoLocateTest" name="testFetchLatLong_null" time="0.042" />
  <system-out><![CDATA[]]></system-out>
  <system-err><![CDATA[]]></system-err>
</testsuite>
